2018-09-18 09:18:55,690 DEBUG [restartedMain] org.springframework.web.context.support.StandardServletEnvironment : Adding PropertySource 'configurationProperties' with highest search precedence
2018-09-18 09:18:55,877 DEBUG [restartedMain] org.springframework.web.context.support.StandardServletEnvironment : Adding PropertySource 'servletConfigInitParams' with lowest search precedence
2018-09-18 09:18:55,878 DEBUG [restartedMain] org.springframework.web.context.support.StandardServletEnvironment : Adding PropertySource 'servletContextInitParams' with lowest search precedence
2018-09-18 09:18:55,878 DEBUG [restartedMain] org.springframework.web.context.support.StandardServletEnvironment : Adding PropertySource 'systemProperties' with lowest search precedence
2018-09-18 09:18:55,879 DEBUG [restartedMain] org.springframework.web.context.support.StandardServletEnvironment : Adding PropertySource 'systemEnvironment' with lowest search precedence
2018-09-18 09:18:55,879 DEBUG [restartedMain] org.springframework.web.context.support.StandardServletEnvironment : Initialized StandardServletEnvironment with PropertySources [StubPropertySource {name='servletConfigInitParams'}, StubPropertySource {name='servletContextInitParams'}, MapPropertySource {name='systemProperties'}, SystemEnvironmentPropertySource {name='systemEnvironment'}]
2018-09-18 09:18:56,074 INFO  [restartedMain] com.prob.pilot18091701.Pilot18091701Application : Starting Pilot18091701Application on yhxkitest-INT with PID 11516 (C:\Users\yhxkitest-INT\IdeaProjects\pilot18091701\target\classes started by yhxkitest-INT in C:\Users\yhxkitest-INT\IdeaProjects\pilot18091701)
2018-09-18 09:18:56,075 INFO  [restartedMain] com.prob.pilot18091701.Pilot18091701Application : No active profile set, falling back to default profiles: default
2018-09-18 09:18:56,177 INFO  [restartedMain] org.springframework.boot.web.servlet.context.AnnotationConfigServletWebServerApplicationContext : Refreshing org.springframework.boot.web.servlet.context.AnnotationConfigServletWebServerApplicationContext@2281ce20: startup date [Tue Sep 18 09:18:56 KST 2018]; root of context hierarchy
2018-09-18 09:18:58,165 DEBUG [restartedMain] org.springframework.web.context.support.StandardServletEnvironment : Removing PropertySource 'defaultProperties'
2018-09-18 09:18:58,338 INFO  [restartedMain] org.springframework.context.support.PostProcessorRegistrationDelegate$BeanPostProcessorChecker : Bean 'org.springframework.transaction.annotation.ProxyTransactionManagementConfiguration' of type [org.springframework.transaction.annotation.ProxyTransactionManagementConfiguration$$EnhancerBySpringCGLIB$$8016c252] is not eligible for getting processed by all BeanPostProcessors (for example: not eligible for auto-proxying)
2018-09-18 09:18:59,192 INFO  [restartedMain] org.springframework.boot.web.embedded.tomcat.TomcatWebServer : Tomcat initialized with port(s): 8080 (http)
2018-09-18 09:18:59,250 INFO  [restartedMain] org.apache.catalina.core.StandardService : Starting service [Tomcat]
2018-09-18 09:18:59,251 INFO  [restartedMain] org.apache.catalina.core.StandardEngine : Starting Servlet Engine: Apache Tomcat/8.5.34
2018-09-18 09:18:59,258 INFO  [localhost-startStop-1] org.apache.catalina.core.AprLifecycleListener : Loaded APR based Apache Tomcat Native library [1.2.17] using APR version [1.6.3].
2018-09-18 09:18:59,258 INFO  [localhost-startStop-1] org.apache.catalina.core.AprLifecycleListener : APR capabilities: IPv6 [true], sendfile [true], accept filters [false], random [true].
2018-09-18 09:18:59,259 INFO  [localhost-startStop-1] org.apache.catalina.core.AprLifecycleListener : APR/OpenSSL configuration: useAprConnector [false], useOpenSSL [true]
2018-09-18 09:19:00,378 INFO  [localhost-startStop-1] org.apache.catalina.core.AprLifecycleListener : OpenSSL successfully initialized [OpenSSL 1.0.2o  27 Mar 2018]
2018-09-18 09:19:00,551 INFO  [localhost-startStop-1] org.apache.catalina.core.ContainerBase.[Tomcat].[localhost].[/] : Initializing Spring embedded WebApplicationContext
2018-09-18 09:19:00,552 DEBUG [localhost-startStop-1] org.springframework.web.context.ContextLoader : Published root WebApplicationContext as ServletContext attribute with name [org.springframework.web.context.WebApplicationContext.ROOT]
2018-09-18 09:19:00,552 INFO  [localhost-startStop-1] org.springframework.web.context.ContextLoader : Root WebApplicationContext: initialization completed in 4375 ms
2018-09-18 09:19:00,711 INFO  [localhost-startStop-1] org.springframework.boot.web.servlet.ServletRegistrationBean : Servlet dispatcherServlet mapped to [/]
2018-09-18 09:19:00,712 INFO  [localhost-startStop-1] org.springframework.boot.web.servlet.ServletRegistrationBean : Servlet webServlet mapped to [/h2-console/*]
2018-09-18 09:19:00,722 INFO  [localhost-startStop-1] org.springframework.boot.web.servlet.FilterRegistrationBean : Mapping filter: 'characterEncodingFilter' to: [/*]
2018-09-18 09:19:00,722 INFO  [localhost-startStop-1] org.springframework.boot.web.servlet.FilterRegistrationBean : Mapping filter: 'hiddenHttpMethodFilter' to: [/*]
2018-09-18 09:19:00,723 INFO  [localhost-startStop-1] org.springframework.boot.web.servlet.FilterRegistrationBean : Mapping filter: 'httpPutFormContentFilter' to: [/*]
2018-09-18 09:19:00,723 INFO  [localhost-startStop-1] org.springframework.boot.web.servlet.FilterRegistrationBean : Mapping filter: 'requestContextFilter' to: [/*]
2018-09-18 09:19:00,753 DEBUG [restartedMain] org.springframework.web.context.support.StandardServletEnvironment : Replacing PropertySource 'servletContextInitParams' with 'servletContextInitParams'
2018-09-18 09:19:00,953 INFO  [restartedMain] com.zaxxer.hikari.HikariDataSource : HikariPool-1 - Starting...
2018-09-18 09:19:01,264 INFO  [restartedMain] com.zaxxer.hikari.HikariDataSource : HikariPool-1 - Start completed.
2018-09-18 09:19:01,320 INFO  [restartedMain] org.springframework.orm.jpa.LocalContainerEntityManagerFactoryBean : Building JPA container EntityManagerFactory for persistence unit 'default'
2018-09-18 09:19:01,335 INFO  [restartedMain] org.hibernate.jpa.internal.util.LogHelper : HHH000204: Processing PersistenceUnitInfo [
	name: default
	...]
2018-09-18 09:19:01,441 INFO  [restartedMain] org.hibernate.Version : HHH000412: Hibernate Core {5.2.17.Final}
2018-09-18 09:19:01,443 INFO  [restartedMain] org.hibernate.cfg.Environment : HHH000206: hibernate.properties not found
2018-09-18 09:19:01,556 INFO  [restartedMain] org.hibernate.annotations.common.Version : HCANN000001: Hibernate Commons Annotations {5.0.1.Final}
2018-09-18 09:19:01,747 INFO  [restartedMain] org.hibernate.dialect.Dialect : HHH000400: Using dialect: org.hibernate.dialect.H2Dialect
2018-09-18 09:19:02,392 DEBUG [restartedMain] org.hibernate.SQL : drop table account if exists
2018-09-18 09:19:02,400 DEBUG [restartedMain] org.hibernate.SQL : drop table comment if exists
2018-09-18 09:19:02,402 DEBUG [restartedMain] org.hibernate.SQL : drop table post if exists
2018-09-18 09:19:02,402 DEBUG [restartedMain] org.hibernate.SQL : drop sequence if exists hibernate_sequence
2018-09-18 09:19:02,406 DEBUG [restartedMain] org.hibernate.SQL : create sequence hibernate_sequence start with 1 increment by 1
2018-09-18 09:19:02,407 DEBUG [restartedMain] org.hibernate.SQL : create table account (email varchar(255) not null, name varchar(255), password varchar(255), primary key (email))
2018-09-18 09:19:02,412 DEBUG [restartedMain] org.hibernate.SQL : create table comment (comment_idx integer not null, comment_time timestamp, content varchar(255), belonging_post_idx integer, primary key (comment_idx))
2018-09-18 09:19:02,413 DEBUG [restartedMain] org.hibernate.SQL : create table post (post_idx integer not null, content varchar(255), post_time timestamp, title varchar(255), writer_email varchar(255), primary key (post_idx))
2018-09-18 09:19:02,414 DEBUG [restartedMain] org.hibernate.SQL : alter table comment add constraint FK59e94f4jmg8nxgg5by6cn4r6c foreign key (belonging_post_idx) references post
2018-09-18 09:19:02,420 DEBUG [restartedMain] org.hibernate.SQL : alter table post add constraint FKtbw1faj41qurjm2kfr7k5pnjp foreign key (writer_email) references account
2018-09-18 09:19:02,423 INFO  [restartedMain] org.hibernate.tool.schema.internal.SchemaCreatorImpl : HHH000476: Executing import script 'org.hibernate.tool.schema.internal.exec.ScriptSourceInputNonExistentImpl@28b4c527'
2018-09-18 09:19:02,426 INFO  [restartedMain] org.springframework.orm.jpa.LocalContainerEntityManagerFactoryBean : Initialized JPA EntityManagerFactory for persistence unit 'default'
2018-09-18 09:19:03,041 INFO  [restartedMain] org.springframework.web.servlet.handler.SimpleUrlHandlerMapping : Mapped URL path [/**/favicon.ico] onto handler of type [class org.springframework.web.servlet.resource.ResourceHttpRequestHandler]
2018-09-18 09:19:03,328 INFO  [restartedMain] org.springframework.web.servlet.mvc.method.annotation.RequestMappingHandlerAdapter : Looking for @ControllerAdvice: org.springframework.boot.web.servlet.context.AnnotationConfigServletWebServerApplicationContext@2281ce20: startup date [Tue Sep 18 09:18:56 KST 2018]; root of context hierarchy
2018-09-18 09:19:03,359 WARN  [restartedMain] org.springframework.boot.autoconfigure.orm.jpa.JpaBaseConfiguration$JpaWebConfiguration$JpaWebMvcConfiguration : spring.jpa.open-in-view is enabled by default. Therefore, database queries may be performed during view rendering. Explicitly configure spring.jpa.open-in-view to disable this warning
2018-09-18 09:19:03,384 DEBUG [restartedMain] org.springframework.web.servlet.mvc.method.annotation.RequestMappingHandlerMapping : Looking for request mappings in application context: org.springframework.boot.web.servlet.context.AnnotationConfigServletWebServerApplicationContext@2281ce20: startup date [Tue Sep 18 09:18:56 KST 2018]; root of context hierarchy
2018-09-18 09:19:03,396 DEBUG [restartedMain] org.springframework.web.servlet.mvc.method.annotation.RequestMappingHandlerMapping : 5 request handler methods found on class com.prob.pilot18091701.controller.MainController: {public com.prob.pilot18091701.entity.Account com.prob.pilot18091701.controller.MainController.update(com.prob.pilot18091701.entity.Account)={[/update],methods=[PUT]}, public java.lang.Iterable com.prob.pilot18091701.controller.MainController.join(com.prob.pilot18091701.entity.Account)={[/join],methods=[POST]}, public java.lang.String com.prob.pilot18091701.controller.MainController.home()={[/],methods=[GET]}, public void com.prob.pilot18091701.controller.MainController.logout()={[],methods=[GET]}, public com.prob.pilot18091701.entity.Account com.prob.pilot18091701.controller.MainController.login(com.prob.pilot18091701.entity.Account)={[/login],methods=[POST]}}
2018-09-18 09:19:03,398 INFO  [restartedMain] org.springframework.web.servlet.mvc.method.annotation.RequestMappingHandlerMapping : Mapped "{[/update],methods=[PUT]}" onto public com.prob.pilot18091701.entity.Account com.prob.pilot18091701.controller.MainController.update(com.prob.pilot18091701.entity.Account)
2018-09-18 09:19:03,399 INFO  [restartedMain] org.springframework.web.servlet.mvc.method.annotation.RequestMappingHandlerMapping : Mapped "{[/join],methods=[POST]}" onto public java.lang.Iterable<com.prob.pilot18091701.entity.Account> com.prob.pilot18091701.controller.MainController.join(com.prob.pilot18091701.entity.Account)
2018-09-18 09:19:03,400 INFO  [restartedMain] org.springframework.web.servlet.mvc.method.annotation.RequestMappingHandlerMapping : Mapped "{[/],methods=[GET]}" onto public java.lang.String com.prob.pilot18091701.controller.MainController.home()
2018-09-18 09:19:03,400 INFO  [restartedMain] org.springframework.web.servlet.mvc.method.annotation.RequestMappingHandlerMapping : Mapped "{[],methods=[GET]}" onto public void com.prob.pilot18091701.controller.MainController.logout()
2018-09-18 09:19:03,401 INFO  [restartedMain] org.springframework.web.servlet.mvc.method.annotation.RequestMappingHandlerMapping : Mapped "{[/login],methods=[POST]}" onto public com.prob.pilot18091701.entity.Account com.prob.pilot18091701.controller.MainController.login(com.prob.pilot18091701.entity.Account)
2018-09-18 09:19:03,403 DEBUG [restartedMain] org.springframework.web.servlet.mvc.method.annotation.RequestMappingHandlerMapping : 5 request handler methods found on class com.prob.pilot18091701.controller.PostingController: {public com.prob.pilot18091701.entity.Post com.prob.pilot18091701.controller.PostingController.write(com.prob.pilot18091701.entity.Post)={[/bbs/write],methods=[POST]}, public void com.prob.pilot18091701.controller.PostingController.delete(int)={[/bbs/{1}],methods=[DELETE]}, public com.prob.pilot18091701.entity.Post com.prob.pilot18091701.controller.PostingController.detail(int)={[/bbs/{1}],methods=[GET]}, public java.lang.Iterable com.prob.pilot18091701.controller.PostingController.getAllPosts()={[/bbs],methods=[GET]}, public com.prob.pilot18091701.entity.Post com.prob.pilot18091701.controller.PostingController.edit(com.prob.pilot18091701.entity.Post,int)={[/bbs/{1}],methods=[PUT]}}
2018-09-18 09:19:03,403 INFO  [restartedMain] org.springframework.web.servlet.mvc.method.annotation.RequestMappingHandlerMapping : Mapped "{[/bbs/write],methods=[POST]}" onto public com.prob.pilot18091701.entity.Post com.prob.pilot18091701.controller.PostingController.write(com.prob.pilot18091701.entity.Post)
2018-09-18 09:19:03,404 INFO  [restartedMain] org.springframework.web.servlet.mvc.method.annotation.RequestMappingHandlerMapping : Mapped "{[/bbs/{1}],methods=[DELETE]}" onto public void com.prob.pilot18091701.controller.PostingController.delete(int)
2018-09-18 09:19:03,404 INFO  [restartedMain] org.springframework.web.servlet.mvc.method.annotation.RequestMappingHandlerMapping : Mapped "{[/bbs/{1}],methods=[GET]}" onto public com.prob.pilot18091701.entity.Post com.prob.pilot18091701.controller.PostingController.detail(int)
2018-09-18 09:19:03,404 INFO  [restartedMain] org.springframework.web.servlet.mvc.method.annotation.RequestMappingHandlerMapping : Mapped "{[/bbs],methods=[GET]}" onto public java.lang.Iterable<com.prob.pilot18091701.entity.Post> com.prob.pilot18091701.controller.PostingController.getAllPosts()
2018-09-18 09:19:03,404 INFO  [restartedMain] org.springframework.web.servlet.mvc.method.annotation.RequestMappingHandlerMapping : Mapped "{[/bbs/{1}],methods=[PUT]}" onto public com.prob.pilot18091701.entity.Post com.prob.pilot18091701.controller.PostingController.edit(com.prob.pilot18091701.entity.Post,int)
2018-09-18 09:19:03,407 DEBUG [restartedMain] org.springframework.web.servlet.mvc.method.annotation.RequestMappingHandlerMapping : 2 request handler methods found on class org.springframework.boot.autoconfigure.web.servlet.error.BasicErrorController: {public org.springframework.http.ResponseEntity org.springframework.boot.autoconfigure.web.servlet.error.BasicErrorController.error(javax.servlet.http.HttpServletRequest)={[/error]}, public org.springframework.web.servlet.ModelAndView org.springframework.boot.autoconfigure.web.servlet.error.BasicErrorController.errorHtml(javax.servlet.http.HttpServletRequest,javax.servlet.http.HttpServletResponse)={[/error],produces=[text/html]}}
2018-09-18 09:19:03,408 INFO  [restartedMain] org.springframework.web.servlet.mvc.method.annotation.RequestMappingHandlerMapping : Mapped "{[/error]}" onto public org.springframework.http.ResponseEntity<java.util.Map<java.lang.String, java.lang.Object>> org.springframework.boot.autoconfigure.web.servlet.error.BasicErrorController.error(javax.servlet.http.HttpServletRequest)
2018-09-18 09:19:03,408 INFO  [restartedMain] org.springframework.web.servlet.mvc.method.annotation.RequestMappingHandlerMapping : Mapped "{[/error],produces=[text/html]}" onto public org.springframework.web.servlet.ModelAndView org.springframework.boot.autoconfigure.web.servlet.error.BasicErrorController.errorHtml(javax.servlet.http.HttpServletRequest,javax.servlet.http.HttpServletResponse)
2018-09-18 09:19:03,428 DEBUG [restartedMain] org.springframework.web.servlet.handler.BeanNameUrlHandlerMapping : Looking for URL mappings in application context: org.springframework.boot.web.servlet.context.AnnotationConfigServletWebServerApplicationContext@2281ce20: startup date [Tue Sep 18 09:18:56 KST 2018]; root of context hierarchy
2018-09-18 09:19:03,428 DEBUG [restartedMain] org.springframework.web.servlet.handler.BeanNameUrlHandlerMapping : Rejected bean name 'org.springframework.context.annotation.internalConfigurationAnnotationProcessor': no URL paths identified
2018-09-18 09:19:03,428 DEBUG [restartedMain] org.springframework.web.servlet.handler.BeanNameUrlHandlerMapping : Rejected bean name 'org.springframework.context.annotation.internalAutowiredAnnotationProcessor': no URL paths identified
2018-09-18 09:19:03,428 DEBUG [restartedMain] org.springframework.web.servlet.handler.BeanNameUrlHandlerMapping : Rejected bean name 'org.springframework.context.annotation.internalRequiredAnnotationProcessor': no URL paths identified
2018-09-18 09:19:03,429 DEBUG [restartedMain] org.springframework.web.servlet.handler.BeanNameUrlHandlerMapping : Rejected bean name 'org.springframework.context.annotation.internalCommonAnnotationProcessor': no URL paths identified
2018-09-18 09:19:03,429 DEBUG [restartedMain] org.springframework.web.servlet.handler.BeanNameUrlHandlerMapping : Rejected bean name 'org.springframework.context.annotation.internalPersistenceAnnotationProcessor': no URL paths identified
2018-09-18 09:19:03,429 DEBUG [restartedMain] org.springframework.web.servlet.handler.BeanNameUrlHandlerMapping : Rejected bean name 'org.springframework.context.event.internalEventListenerProcessor': no URL paths identified
2018-09-18 09:19:03,429 DEBUG [restartedMain] org.springframework.web.servlet.handler.BeanNameUrlHandlerMapping : Rejected bean name 'org.springframework.context.event.internalEventListenerFactory': no URL paths identified
2018-09-18 09:19:03,429 DEBUG [restartedMain] org.springframework.web.servlet.handler.BeanNameUrlHandlerMapping : Rejected bean name 'pilot18091701Application': no URL paths identified
2018-09-18 09:19:03,429 DEBUG [restartedMain] org.springframework.web.servlet.handler.BeanNameUrlHandlerMapping : Rejected bean name 'org.springframework.boot.autoconfigure.internalCachingMetadataReaderFactory': no URL paths identified
2018-09-18 09:19:03,429 DEBUG [restartedMain] org.springframework.web.servlet.handler.BeanNameUrlHandlerMapping : Rejected bean name 'mainController': no URL paths identified
2018-09-18 09:19:03,429 DEBUG [restartedMain] org.springframework.web.servlet.handler.BeanNameUrlHandlerMapping : Rejected bean name 'postingController': no URL paths identified
2018-09-18 09:19:03,429 DEBUG [restartedMain] org.springframework.web.servlet.handler.BeanNameUrlHandlerMapping : Rejected bean name 'accountService': no URL paths identified
2018-09-18 09:19:03,429 DEBUG [restartedMain] org.springframework.web.servlet.handler.BeanNameUrlHandlerMapping : Rejected bean name 'commentService': no URL paths identified
2018-09-18 09:19:03,429 DEBUG [restartedMain] org.springframework.web.servlet.handler.BeanNameUrlHandlerMapping : Rejected bean name 'postService': no URL paths identified
2018-09-18 09:19:03,432 DEBUG [restartedMain] org.springframework.web.servlet.handler.BeanNameUrlHandlerMapping : Rejected bean name 'AES256': no URL paths identified
2018-09-18 09:19:03,432 DEBUG [restartedMain] org.springframework.web.servlet.handler.BeanNameUrlHandlerMapping : Rejected bean name 'org.springframework.boot.autoconfigure.AutoConfigurationPackages': no URL paths identified
2018-09-18 09:19:03,432 DEBUG [restartedMain] org.springframework.web.servlet.handler.BeanNameUrlHandlerMapping : Rejected bean name 'org.springframework.boot.autoconfigure.context.PropertyPlaceholderAutoConfiguration': no URL paths identified
2018-09-18 09:19:03,432 DEBUG [restartedMain] org.springframework.web.servlet.handler.BeanNameUrlHandlerMapping : Rejected bean name 'org.springframework.boot.autoconfigure.condition.BeanTypeRegistry': no URL paths identified
2018-09-18 09:19:03,432 DEBUG [restartedMain] org.springframework.web.servlet.handler.BeanNameUrlHandlerMapping : Rejected bean name 'propertySourcesPlaceholderConfigurer': no URL paths identified
2018-09-18 09:19:03,432 DEBUG [restartedMain] org.springframework.web.servlet.handler.BeanNameUrlHandlerMapping : Rejected bean name 'org.springframework.boot.autoconfigure.websocket.servlet.WebSocketServletAutoConfiguration$TomcatWebSocketConfiguration': no URL paths identified
2018-09-18 09:19:03,432 DEBUG [restartedMain] org.springframework.web.servlet.handler.BeanNameUrlHandlerMapping : Rejected bean name 'websocketContainerCustomizer': no URL paths identified
2018-09-18 09:19:03,432 DEBUG [restartedMain] org.springframework.web.servlet.handler.BeanNameUrlHandlerMapping : Rejected bean name 'org.springframework.boot.autoconfigure.websocket.servlet.WebSocketServletAutoConfiguration': no URL paths identified
2018-09-18 09:19:03,432 DEBUG [restartedMain] org.springframework.web.servlet.handler.BeanNameUrlHandlerMapping : Rejected bean name 'org.springframework.boot.autoconfigure.web.servlet.ServletWebServerFactoryConfiguration$EmbeddedTomcat': no URL paths identified
2018-09-18 09:19:03,432 DEBUG [restartedMain] org.springframework.web.servlet.handler.BeanNameUrlHandlerMapping : Rejected bean name 'tomcatServletWebServerFactory': no URL paths identified
2018-09-18 09:19:03,432 DEBUG [restartedMain] org.springframework.web.servlet.handler.BeanNameUrlHandlerMapping : Rejected bean name 'org.springframework.boot.autoconfigure.web.servlet.ServletWebServerFactoryAutoConfiguration': no URL paths identified
2018-09-18 09:19:03,432 DEBUG [restartedMain] org.springframework.web.servlet.handler.BeanNameUrlHandlerMapping : Rejected bean name 'servletWebServerFactoryCustomizer': no URL paths identified
2018-09-18 09:19:03,432 DEBUG [restartedMain] org.springframework.web.servlet.handler.BeanNameUrlHandlerMapping : Rejected bean name 'tomcatServletWebServerFactoryCustomizer': no URL paths identified
2018-09-18 09:19:03,432 DEBUG [restartedMain] org.springframework.web.servlet.handler.BeanNameUrlHandlerMapping : Rejected bean name 'server-org.springframework.boot.autoconfigure.web.ServerProperties': no URL paths identified
2018-09-18 09:19:03,433 DEBUG [restartedMain] org.springframework.web.servlet.handler.BeanNameUrlHandlerMapping : Rejected bean name 'org.springframework.boot.context.properties.ConfigurationPropertiesBindingPostProcessor': no URL paths identified
2018-09-18 09:19:03,433 DEBUG [restartedMain] org.springframework.web.servlet.handler.BeanNameUrlHandlerMapping : Rejected bean name 'org.springframework.boot.context.properties.ConfigurationBeanFactoryMetadata': no URL paths identified
2018-09-18 09:19:03,433 DEBUG [restartedMain] org.springframework.web.servlet.handler.BeanNameUrlHandlerMapping : Rejected bean name 'webServerFactoryCustomizerBeanPostProcessor': no URL paths identified
2018-09-18 09:19:03,433 DEBUG [restartedMain] org.springframework.web.servlet.handler.BeanNameUrlHandlerMapping : Rejected bean name 'errorPageRegistrarBeanPostProcessor': no URL paths identified
2018-09-18 09:19:03,433 DEBUG [restartedMain] org.springframework.web.servlet.handler.BeanNameUrlHandlerMapping : Rejected bean name 'org.springframework.boot.autoconfigure.web.servlet.DispatcherServletAutoConfiguration$DispatcherServletConfiguration': no URL paths identified
2018-09-18 09:19:03,433 DEBUG [restartedMain] org.springframework.web.servlet.handler.BeanNameUrlHandlerMapping : Rejected bean name 'dispatcherServlet': no URL paths identified
2018-09-18 09:19:03,433 DEBUG [restartedMain] org.springframework.web.servlet.handler.BeanNameUrlHandlerMapping : Rejected bean name 'spring.mvc-org.springframework.boot.autoconfigure.web.servlet.WebMvcProperties': no URL paths identified
2018-09-18 09:19:03,433 DEBUG [restartedMain] org.springframework.web.servlet.handler.BeanNameUrlHandlerMapping : Rejected bean name 'org.springframework.boot.autoconfigure.web.servlet.DispatcherServletAutoConfiguration$DispatcherServletRegistrationConfiguration': no URL paths identified
2018-09-18 09:19:03,433 DEBUG [restartedMain] org.springframework.web.servlet.handler.BeanNameUrlHandlerMapping : Rejected bean name 'dispatcherServletRegistration': no URL paths identified
2018-09-18 09:19:03,433 DEBUG [restartedMain] org.springframework.web.servlet.handler.BeanNameUrlHandlerMapping : Rejected bean name 'org.springframework.boot.autoconfigure.web.servlet.DispatcherServletAutoConfiguration': no URL paths identified
2018-09-18 09:19:03,433 DEBUG [restartedMain] org.springframework.web.servlet.handler.BeanNameUrlHandlerMapping : Rejected bean name 'org.springframework.boot.autoconfigure.validation.ValidationAutoConfiguration': no URL paths identified
2018-09-18 09:19:03,433 DEBUG [restartedMain] org.springframework.web.servlet.handler.BeanNameUrlHandlerMapping : Rejected bean name 'defaultValidator': no URL paths identified
2018-09-18 09:19:03,434 DEBUG [restartedMain] org.springframework.web.servlet.handler.BeanNameUrlHandlerMapping : Rejected bean name 'methodValidationPostProcessor': no URL paths identified
2018-09-18 09:19:03,434 DEBUG [restartedMain] org.springframework.web.servlet.handler.BeanNameUrlHandlerMapping : Rejected bean name 'org.springframework.boot.autoconfigure.web.servlet.error.ErrorMvcAutoConfiguration$WhitelabelErrorViewConfiguration': no URL paths identified
2018-09-18 09:19:03,434 DEBUG [restartedMain] org.springframework.web.servlet.handler.BeanNameUrlHandlerMapping : Rejected bean name 'error': no URL paths identified
2018-09-18 09:19:03,434 DEBUG [restartedMain] org.springframework.web.servlet.handler.BeanNameUrlHandlerMapping : Rejected bean name 'beanNameViewResolver': no URL paths identified
2018-09-18 09:19:03,434 DEBUG [restartedMain] org.springframework.web.servlet.handler.BeanNameUrlHandlerMapping : Rejected bean name 'org.springframework.boot.autoconfigure.web.servlet.error.ErrorMvcAutoConfiguration$DefaultErrorViewResolverConfiguration': no URL paths identified
2018-09-18 09:19:03,434 DEBUG [restartedMain] org.springframework.web.servlet.handler.BeanNameUrlHandlerMapping : Rejected bean name 'conventionErrorViewResolver': no URL paths identified
2018-09-18 09:19:03,434 DEBUG [restartedMain] org.springframework.web.servlet.handler.BeanNameUrlHandlerMapping : Rejected bean name 'org.springframework.boot.autoconfigure.web.servlet.error.ErrorMvcAutoConfiguration': no URL paths identified
2018-09-18 09:19:03,434 DEBUG [restartedMain] org.springframework.web.servlet.handler.BeanNameUrlHandlerMapping : Rejected bean name 'errorAttributes': no URL paths identified
2018-09-18 09:19:03,434 DEBUG [restartedMain] org.springframework.web.servlet.handler.BeanNameUrlHandlerMapping : Rejected bean name 'basicErrorController': no URL paths identified
2018-09-18 09:19:03,434 DEBUG [restartedMain] org.springframework.web.servlet.handler.BeanNameUrlHandlerMapping : Rejected bean name 'errorPageCustomizer': no URL paths identified
2018-09-18 09:19:03,435 DEBUG [restartedMain] org.springframework.web.servlet.handler.BeanNameUrlHandlerMapping : Rejected bean name 'preserveErrorControllerTargetClassPostProcessor': no URL paths identified
2018-09-18 09:19:03,435 DEBUG [restartedMain] org.springframework.web.servlet.handler.BeanNameUrlHandlerMapping : Rejected bean name 'spring.resources-org.springframework.boot.autoconfigure.web.ResourceProperties': no URL paths identified
2018-09-18 09:19:03,435 DEBUG [restartedMain] org.springframework.web.servlet.handler.BeanNameUrlHandlerMapping : Rejected bean name 'org.springframework.boot.autoconfigure.web.servlet.WebMvcAutoConfiguration$WebMvcAutoConfigurationAdapter$FaviconConfiguration': no URL paths identified
2018-09-18 09:19:03,435 DEBUG [restartedMain] org.springframework.web.servlet.handler.BeanNameUrlHandlerMapping : Rejected bean name 'faviconHandlerMapping': no URL paths identified
2018-09-18 09:19:03,435 DEBUG [restartedMain] org.springframework.web.servlet.handler.BeanNameUrlHandlerMapping : Rejected bean name 'faviconRequestHandler': no URL paths identified
2018-09-18 09:19:03,435 DEBUG [restartedMain] org.springframework.web.servlet.handler.BeanNameUrlHandlerMapping : Rejected bean name 'org.springframework.boot.autoconfigure.web.servlet.WebMvcAutoConfiguration$EnableWebMvcConfiguration': no URL paths identified
2018-09-18 09:19:03,435 DEBUG [restartedMain] org.springframework.web.servlet.handler.BeanNameUrlHandlerMapping : Rejected bean name 'requestMappingHandlerAdapter': no URL paths identified
2018-09-18 09:19:03,435 DEBUG [restartedMain] org.springframework.web.servlet.handler.BeanNameUrlHandlerMapping : Rejected bean name 'requestMappingHandlerMapping': no URL paths identified
2018-09-18 09:19:03,435 DEBUG [restartedMain] org.springframework.web.servlet.handler.BeanNameUrlHandlerMapping : Rejected bean name 'mvcConversionService': no URL paths identified
2018-09-18 09:19:03,435 DEBUG [restartedMain] org.springframework.web.servlet.handler.BeanNameUrlHandlerMapping : Rejected bean name 'mvcValidator': no URL paths identified
2018-09-18 09:19:03,435 DEBUG [restartedMain] org.springframework.web.servlet.handler.BeanNameUrlHandlerMapping : Rejected bean name 'mvcContentNegotiationManager': no URL paths identified
2018-09-18 09:19:03,436 DEBUG [restartedMain] org.springframework.web.servlet.handler.BeanNameUrlHandlerMapping : Rejected bean name 'mvcPathMatcher': no URL paths identified
2018-09-18 09:19:03,437 DEBUG [restartedMain] org.springframework.web.servlet.handler.BeanNameUrlHandlerMapping : Rejected bean name 'mvcUrlPathHelper': no URL paths identified
2018-09-18 09:19:03,437 DEBUG [restartedMain] org.springframework.web.servlet.handler.BeanNameUrlHandlerMapping : Rejected bean name 'viewControllerHandlerMapping': no URL paths identified
2018-09-18 09:19:03,437 DEBUG [restartedMain] org.springframework.web.servlet.handler.BeanNameUrlHandlerMapping : Rejected bean name 'beanNameHandlerMapping': no URL paths identified
2018-09-18 09:19:03,437 DEBUG [restartedMain] org.springframework.web.servlet.handler.BeanNameUrlHandlerMapping : Rejected bean name 'resourceHandlerMapping': no URL paths identified
2018-09-18 09:19:03,437 DEBUG [restartedMain] org.springframework.web.servlet.handler.BeanNameUrlHandlerMapping : Rejected bean name 'mvcResourceUrlProvider': no URL paths identified
2018-09-18 09:19:03,437 DEBUG [restartedMain] org.springframework.web.servlet.handler.BeanNameUrlHandlerMapping : Rejected bean name 'defaultServletHandlerMapping': no URL paths identified
2018-09-18 09:19:03,437 DEBUG [restartedMain] org.springframework.web.servlet.handler.BeanNameUrlHandlerMapping : Rejected bean name 'mvcUriComponentsContributor': no URL paths identified
2018-09-18 09:19:03,437 DEBUG [restartedMain] org.springframework.web.servlet.handler.BeanNameUrlHandlerMapping : Rejected bean name 'httpRequestHandlerAdapter': no URL paths identified
2018-09-18 09:19:03,437 DEBUG [restartedMain] org.springframework.web.servlet.handler.BeanNameUrlHandlerMapping : Rejected bean name 'simpleControllerHandlerAdapter': no URL paths identified
2018-09-18 09:19:03,437 DEBUG [restartedMain] org.springframework.web.servlet.handler.BeanNameUrlHandlerMapping : Rejected bean name 'handlerExceptionResolver': no URL paths identified
2018-09-18 09:19:03,437 DEBUG [restartedMain] org.springframework.web.servlet.handler.BeanNameUrlHandlerMapping : Rejected bean name 'mvcViewResolver': no URL paths identified
2018-09-18 09:19:03,437 DEBUG [restartedMain] org.springframework.web.servlet.handler.BeanNameUrlHandlerMapping : Rejected bean name 'mvcHandlerMappingIntrospector': no URL paths identified
2018-09-18 09:19:03,437 DEBUG [restartedMain] org.springframework.web.servlet.handler.BeanNameUrlHandlerMapping : Rejected bean name 'org.springframework.boot.autoconfigure.web.servlet.WebMvcAutoConfiguration$WebMvcAutoConfigurationAdapter': no URL paths identified
2018-09-18 09:19:03,438 DEBUG [restartedMain] org.springframework.web.servlet.handler.BeanNameUrlHandlerMapping : Rejected bean name 'defaultViewResolver': no URL paths identified
2018-09-18 09:19:03,438 DEBUG [restartedMain] org.springframework.web.servlet.handler.BeanNameUrlHandlerMapping : Rejected bean name 'viewResolver': no URL paths identified
2018-09-18 09:19:03,438 DEBUG [restartedMain] org.springframework.web.servlet.handler.BeanNameUrlHandlerMapping : Rejected bean name 'welcomePageHandlerMapping': no URL paths identified
2018-09-18 09:19:03,442 DEBUG [restartedMain] org.springframework.web.servlet.handler.BeanNameUrlHandlerMapping : Rejected bean name 'requestContextFilter': no URL paths identified
2018-09-18 09:19:03,442 DEBUG [restartedMain] org.springframework.web.servlet.handler.BeanNameUrlHandlerMapping : Rejected bean name 'org.springframework.boot.autoconfigure.web.servlet.WebMvcAutoConfiguration': no URL paths identified
2018-09-18 09:19:03,442 DEBUG [restartedMain] org.springframework.web.servlet.handler.BeanNameUrlHandlerMapping : Rejected bean name 'hiddenHttpMethodFilter': no URL paths identified
2018-09-18 09:19:03,442 DEBUG [restartedMain] org.springframework.web.servlet.handler.BeanNameUrlHandlerMapping : Rejected bean name 'httpPutFormContentFilter': no URL paths identified
2018-09-18 09:19:03,442 DEBUG [restartedMain] org.springframework.web.servlet.handler.BeanNameUrlHandlerMapping : Rejected bean name 'org.springframework.boot.autoconfigure.jmx.JmxAutoConfiguration': no URL paths identified
2018-09-18 09:19:03,442 DEBUG [restartedMain] org.springframework.web.servlet.handler.BeanNameUrlHandlerMapping : Rejected bean name 'mbeanExporter': no URL paths identified
2018-09-18 09:19:03,442 DEBUG [restartedMain] org.springframework.web.servlet.handler.BeanNameUrlHandlerMapping : Rejected bean name 'objectNamingStrategy': no URL paths identified
2018-09-18 09:19:03,442 DEBUG [restartedMain] org.springframework.web.servlet.handler.BeanNameUrlHandlerMapping : Rejected bean name 'mbeanServer': no URL paths identified
2018-09-18 09:19:03,442 DEBUG [restartedMain] org.springframework.web.servlet.handler.BeanNameUrlHandlerMapping : Rejected bean name 'org.springframework.boot.autoconfigure.admin.SpringApplicationAdminJmxAutoConfiguration': no URL paths identified
2018-09-18 09:19:03,442 DEBUG [restartedMain] org.springframework.web.servlet.handler.BeanNameUrlHandlerMapping : Rejected bean name 'springApplicationAdminRegistrar': no URL paths identified
2018-09-18 09:19:03,443 DEBUG [restartedMain] org.springframework.web.servlet.handler.BeanNameUrlHandlerMapping : Rejected bean name 'org.springframework.boot.autoconfigure.aop.AopAutoConfiguration$CglibAutoProxyConfiguration': no URL paths identified
2018-09-18 09:19:03,443 DEBUG [restartedMain] org.springframework.web.servlet.handler.BeanNameUrlHandlerMapping : Rejected bean name 'org.springframework.aop.config.internalAutoProxyCreator': no URL paths identified
2018-09-18 09:19:03,443 DEBUG [restartedMain] org.springframework.web.servlet.handler.BeanNameUrlHandlerMapping : Rejected bean name 'org.springframework.boot.autoconfigure.aop.AopAutoConfiguration': no URL paths identified
2018-09-18 09:19:03,443 DEBUG [restartedMain] org.springframework.web.servlet.handler.BeanNameUrlHandlerMapping : Rejected bean name 'org.springframework.boot.autoconfigure.transaction.jta.JtaAutoConfiguration': no URL paths identified
2018-09-18 09:19:03,443 DEBUG [restartedMain] org.springframework.web.servlet.handler.BeanNameUrlHandlerMapping : Rejected bean name 'spring.jta-org.springframework.boot.autoconfigure.transaction.jta.JtaProperties': no URL paths identified
2018-09-18 09:19:03,445 DEBUG [restartedMain] org.springframework.web.servlet.handler.BeanNameUrlHandlerMapping : Rejected bean name 'org.springframework.boot.autoconfigure.jdbc.DataSourceConfiguration$Hikari': no URL paths identified
2018-09-18 09:19:03,445 DEBUG [restartedMain] org.springframework.web.servlet.handler.BeanNameUrlHandlerMapping : Rejected bean name 'dataSource': no URL paths identified
2018-09-18 09:19:03,445 DEBUG [restartedMain] org.springframework.web.servlet.handler.BeanNameUrlHandlerMapping : Rejected bean name 'org.springframework.boot.autoconfigure.jdbc.DataSourceJmxConfiguration$Hikari': no URL paths identified
2018-09-18 09:19:03,445 DEBUG [restartedMain] org.springframework.web.servlet.handler.BeanNameUrlHandlerMapping : Rejected bean name 'org.springframework.boot.autoconfigure.jdbc.DataSourceJmxConfiguration': no URL paths identified
2018-09-18 09:19:03,445 DEBUG [restartedMain] org.springframework.web.servlet.handler.BeanNameUrlHandlerMapping : Rejected bean name 'org.springframework.boot.autoconfigure.jdbc.DataSourceAutoConfiguration$PooledDataSourceConfiguration': no URL paths identified
2018-09-18 09:19:03,445 DEBUG [restartedMain] org.springframework.web.servlet.handler.BeanNameUrlHandlerMapping : Rejected bean name 'org.springframework.boot.autoconfigure.jdbc.metadata.DataSourcePoolMetadataProvidersConfiguration$HikariPoolDataSourceMetadataProviderConfiguration': no URL paths identified
2018-09-18 09:19:03,445 DEBUG [restartedMain] org.springframework.web.servlet.handler.BeanNameUrlHandlerMapping : Rejected bean name 'hikariPoolDataSourceMetadataProvider': no URL paths identified
2018-09-18 09:19:03,445 DEBUG [restartedMain] org.springframework.web.servlet.handler.BeanNameUrlHandlerMapping : Rejected bean name 'org.springframework.boot.autoconfigure.jdbc.metadata.DataSourcePoolMetadataProvidersConfiguration': no URL paths identified
2018-09-18 09:19:03,445 DEBUG [restartedMain] org.springframework.web.servlet.handler.BeanNameUrlHandlerMapping : Rejected bean name 'org.springframework.boot.autoconfigure.jdbc.DataSourceInitializerInvoker': no URL paths identified
2018-09-18 09:19:03,445 DEBUG [restartedMain] org.springframework.web.servlet.handler.BeanNameUrlHandlerMapping : Rejected bean name 'org.springframework.boot.autoconfigure.jdbc.DataSourceInitializationConfiguration': no URL paths identified
2018-09-18 09:19:03,445 DEBUG [restartedMain] org.springframework.web.servlet.handler.BeanNameUrlHandlerMapping : Rejected bean name 'dataSourceInitializerPostProcessor': no URL paths identified
2018-09-18 09:19:03,446 DEBUG [restartedMain] org.springframework.web.servlet.handler.BeanNameUrlHandlerMapping : Rejected bean name 'org.springframework.boot.autoconfigure.jdbc.DataSourceAutoConfiguration': no URL paths identified
2018-09-18 09:19:03,446 DEBUG [restartedMain] org.springframework.web.servlet.handler.BeanNameUrlHandlerMapping : Rejected bean name 'spring.datasource-org.springframework.boot.autoconfigure.jdbc.DataSourceProperties': no URL paths identified
2018-09-18 09:19:03,446 DEBUG [restartedMain] org.springframework.web.servlet.handler.BeanNameUrlHandlerMapping : Rejected bean name 'org.springframework.boot.autoconfigure.orm.jpa.JpaBaseConfiguration$JpaWebConfiguration$JpaWebMvcConfiguration': no URL paths identified
2018-09-18 09:19:03,446 DEBUG [restartedMain] org.springframework.web.servlet.handler.BeanNameUrlHandlerMapping : Rejected bean name 'openEntityManagerInViewInterceptor': no URL paths identified
2018-09-18 09:19:03,446 DEBUG [restartedMain] org.springframework.web.servlet.handler.BeanNameUrlHandlerMapping : Rejected bean name 'org.springframework.boot.autoconfigure.orm.jpa.JpaBaseConfiguration$JpaWebConfiguration': no URL paths identified
2018-09-18 09:19:03,446 DEBUG [restartedMain] org.springframework.web.servlet.handler.BeanNameUrlHandlerMapping : Rejected bean name 'org.springframework.boot.autoconfigure.orm.jpa.HibernateJpaConfiguration': no URL paths identified
2018-09-18 09:19:03,446 DEBUG [restartedMain] org.springframework.web.servlet.handler.BeanNameUrlHandlerMapping : Rejected bean name 'transactionManager': no URL paths identified
2018-09-18 09:19:03,446 DEBUG [restartedMain] org.springframework.web.servlet.handler.BeanNameUrlHandlerMapping : Rejected bean name 'jpaVendorAdapter': no URL paths identified
2018-09-18 09:19:03,446 DEBUG [restartedMain] org.springframework.web.servlet.handler.BeanNameUrlHandlerMapping : Rejected bean name 'entityManagerFactoryBuilder': no URL paths identified
2018-09-18 09:19:03,446 DEBUG [restartedMain] org.springframework.web.servlet.handler.BeanNameUrlHandlerMapping : Rejected bean name 'entityManagerFactory': no URL paths identified
2018-09-18 09:19:03,446 DEBUG [restartedMain] org.springframework.web.servlet.handler.BeanNameUrlHandlerMapping : Rejected bean name 'spring.jpa-org.springframework.boot.autoconfigure.orm.jpa.JpaProperties': no URL paths identified
2018-09-18 09:19:03,446 DEBUG [restartedMain] org.springframework.web.servlet.handler.BeanNameUrlHandlerMapping : Rejected bean name 'dataSourceInitializedPublisher': no URL paths identified
2018-09-18 09:19:03,446 DEBUG [restartedMain] org.springframework.web.servlet.handler.BeanNameUrlHandlerMapping : Rejected bean name 'org.springframework.boot.autoconfigure.orm.jpa.HibernateJpaAutoConfiguration': no URL paths identified
2018-09-18 09:19:03,446 DEBUG [restartedMain] org.springframework.web.servlet.handler.BeanNameUrlHandlerMapping : Rejected bean name 'org.springframework.boot.autoconfigure.context.ConfigurationPropertiesAutoConfiguration': no URL paths identified
2018-09-18 09:19:03,446 DEBUG [restartedMain] org.springframework.web.servlet.handler.BeanNameUrlHandlerMapping : Rejected bean name 'org.springframework.boot.autoconfigure.dao.PersistenceExceptionTranslationAutoConfiguration': no URL paths identified
2018-09-18 09:19:03,446 DEBUG [restartedMain] org.springframework.web.servlet.handler.BeanNameUrlHandlerMapping : Rejected bean name 'persistenceExceptionTranslationPostProcessor': no URL paths identified
2018-09-18 09:19:03,446 DEBUG [restartedMain] org.springframework.web.servlet.handler.BeanNameUrlHandlerMapping : Rejected bean name 'org.springframework.boot.autoconfigure.data.jpa.JpaRepositoriesAutoConfiguration': no URL paths identified
2018-09-18 09:19:03,446 DEBUG [restartedMain] org.springframework.web.servlet.handler.BeanNameUrlHandlerMapping : Rejected bean name 'emBeanDefinitionRegistrarPostProcessor': no URL paths identified
2018-09-18 09:19:03,447 DEBUG [restartedMain] org.springframework.web.servlet.handler.BeanNameUrlHandlerMapping : Rejected bean name 'jpaMappingContext': no URL paths identified
2018-09-18 09:19:03,448 DEBUG [restartedMain] org.springframework.web.servlet.handler.BeanNameUrlHandlerMapping : Rejected bean name 'jpaContext': no URL paths identified
2018-09-18 09:19:03,448 DEBUG [restartedMain] org.springframework.web.servlet.handler.BeanNameUrlHandlerMapping : Rejected bean name 'postRepository': no URL paths identified
2018-09-18 09:19:03,448 DEBUG [restartedMain] org.springframework.web.servlet.handler.BeanNameUrlHandlerMapping : Rejected bean name 'accountRepository': no URL paths identified
2018-09-18 09:19:03,448 DEBUG [restartedMain] org.springframework.web.servlet.handler.BeanNameUrlHandlerMapping : Rejected bean name 'commentRepository': no URL paths identified
2018-09-18 09:19:03,448 DEBUG [restartedMain] org.springframework.web.servlet.handler.BeanNameUrlHandlerMapping : Rejected bean name 'org.springframework.boot.autoconfigure.jackson.JacksonAutoConfiguration$Jackson2ObjectMapperBuilderCustomizerConfiguration': no URL paths identified
2018-09-18 09:19:03,448 DEBUG [restartedMain] org.springframework.web.servlet.handler.BeanNameUrlHandlerMapping : Rejected bean name 'standardJacksonObjectMapperBuilderCustomizer': no URL paths identified
2018-09-18 09:19:03,448 DEBUG [restartedMain] org.springframework.web.servlet.handler.BeanNameUrlHandlerMapping : Rejected bean name 'spring.jackson-org.springframework.boot.autoconfigure.jackson.JacksonProperties': no URL paths identified
2018-09-18 09:19:03,448 DEBUG [restartedMain] org.springframework.web.servlet.handler.BeanNameUrlHandlerMapping : Rejected bean name 'org.springframework.boot.autoconfigure.jackson.JacksonAutoConfiguration$JacksonObjectMapperBuilderConfiguration': no URL paths identified
2018-09-18 09:19:03,448 DEBUG [restartedMain] org.springframework.web.servlet.handler.BeanNameUrlHandlerMapping : Rejected bean name 'jacksonObjectMapperBuilder': no URL paths identified
2018-09-18 09:19:03,448 DEBUG [restartedMain] org.springframework.web.servlet.handler.BeanNameUrlHandlerMapping : Rejected bean name 'org.springframework.boot.autoconfigure.jackson.JacksonAutoConfiguration$ParameterNamesModuleConfiguration': no URL paths identified
2018-09-18 09:19:03,448 DEBUG [restartedMain] org.springframework.web.servlet.handler.BeanNameUrlHandlerMapping : Rejected bean name 'parameterNamesModule': no URL paths identified
2018-09-18 09:19:03,448 DEBUG [restartedMain] org.springframework.web.servlet.handler.BeanNameUrlHandlerMapping : Rejected bean name 'org.springframework.boot.autoconfigure.jackson.JacksonAutoConfiguration$JacksonObjectMapperConfiguration': no URL paths identified
2018-09-18 09:19:03,448 DEBUG [restartedMain] org.springframework.web.servlet.handler.BeanNameUrlHandlerMapping : Rejected bean name 'jacksonObjectMapper': no URL paths identified
2018-09-18 09:19:03,448 DEBUG [restartedMain] org.springframework.web.servlet.handler.BeanNameUrlHandlerMapping : Rejected bean name 'org.springframework.boot.autoconfigure.jackson.JacksonAutoConfiguration': no URL paths identified
2018-09-18 09:19:03,449 DEBUG [restartedMain] org.springframework.web.servlet.handler.BeanNameUrlHandlerMapping : Rejected bean name 'jsonComponentModule': no URL paths identified
2018-09-18 09:19:03,450 DEBUG [restartedMain] org.springframework.web.servlet.handler.BeanNameUrlHandlerMapping : Rejected bean name 'org.springframework.boot.autoconfigure.http.HttpMessageConvertersAutoConfiguration$StringHttpMessageConverterConfiguration': no URL paths identified
2018-09-18 09:19:03,450 DEBUG [restartedMain] org.springframework.web.servlet.handler.BeanNameUrlHandlerMapping : Rejected bean name 'stringHttpMessageConverter': no URL paths identified
2018-09-18 09:19:03,450 DEBUG [restartedMain] org.springframework.web.servlet.handler.BeanNameUrlHandlerMapping : Rejected bean name 'spring.http.encoding-org.springframework.boot.autoconfigure.http.HttpEncodingProperties': no URL paths identified
2018-09-18 09:19:03,450 DEBUG [restartedMain] org.springframework.web.servlet.handler.BeanNameUrlHandlerMapping : Rejected bean name 'org.springframework.boot.autoconfigure.http.JacksonHttpMessageConvertersConfiguration$MappingJackson2HttpMessageConverterConfiguration': no URL paths identified
2018-09-18 09:19:03,450 DEBUG [restartedMain] org.springframework.web.servlet.handler.BeanNameUrlHandlerMapping : Rejected bean name 'mappingJackson2HttpMessageConverter': no URL paths identified
2018-09-18 09:19:03,450 DEBUG [restartedMain] org.springframework.web.servlet.handler.BeanNameUrlHandlerMapping : Rejected bean name 'org.springframework.boot.autoconfigure.http.JacksonHttpMessageConvertersConfiguration': no URL paths identified
2018-09-18 09:19:03,450 DEBUG [restartedMain] org.springframework.web.servlet.handler.BeanNameUrlHandlerMapping : Rejected bean name 'org.springframework.boot.autoconfigure.http.HttpMessageConvertersAutoConfiguration': no URL paths identified
2018-09-18 09:19:03,450 DEBUG [restartedMain] org.springframework.web.servlet.handler.BeanNameUrlHandlerMapping : Rejected bean name 'messageConverters': no URL paths identified
2018-09-18 09:19:03,450 DEBUG [restartedMain] org.springframework.web.servlet.handler.BeanNameUrlHandlerMapping : Rejected bean name 'org.springframework.data.web.config.ProjectingArgumentResolverRegistrar': no URL paths identified
2018-09-18 09:19:03,450 DEBUG [restartedMain] org.springframework.web.servlet.handler.BeanNameUrlHandlerMapping : Rejected bean name 'projectingArgumentResolverBeanPostProcessor': no URL paths identified
2018-09-18 09:19:03,450 DEBUG [restartedMain] org.springframework.web.servlet.handler.BeanNameUrlHandlerMapping : Rejected bean name 'org.springframework.data.web.config.SpringDataWebConfiguration': no URL paths identified
2018-09-18 09:19:03,450 DEBUG [restartedMain] org.springframework.web.servlet.handler.BeanNameUrlHandlerMapping : Rejected bean name 'pageableResolver': no URL paths identified
2018-09-18 09:19:03,450 DEBUG [restartedMain] org.springframework.web.servlet.handler.BeanNameUrlHandlerMapping : Rejected bean name 'sortResolver': no URL paths identified
2018-09-18 09:19:03,450 DEBUG [restartedMain] org.springframework.web.servlet.handler.BeanNameUrlHandlerMapping : Rejected bean name 'org.springframework.data.web.config.SpringDataJacksonConfiguration': no URL paths identified
2018-09-18 09:19:03,450 DEBUG [restartedMain] org.springframework.web.servlet.handler.BeanNameUrlHandlerMapping : Rejected bean name 'jacksonGeoModule': no URL paths identified
2018-09-18 09:19:03,450 DEBUG [restartedMain] org.springframework.web.servlet.handler.BeanNameUrlHandlerMapping : Rejected bean name 'org.springframework.boot.autoconfigure.data.web.SpringDataWebAutoConfiguration': no URL paths identified
2018-09-18 09:19:03,451 DEBUG [restartedMain] org.springframework.web.servlet.handler.BeanNameUrlHandlerMapping : Rejected bean name 'pageableCustomizer': no URL paths identified
2018-09-18 09:19:03,451 DEBUG [restartedMain] org.springframework.web.servlet.handler.BeanNameUrlHandlerMapping : Rejected bean name 'sortCustomizer': no URL paths identified
2018-09-18 09:19:03,451 DEBUG [restartedMain] org.springframework.web.servlet.handler.BeanNameUrlHandlerMapping : Rejected bean name 'spring.data.web-org.springframework.boot.autoconfigure.data.web.SpringDataWebProperties': no URL paths identified
2018-09-18 09:19:03,451 DEBUG [restartedMain] org.springframework.web.servlet.handler.BeanNameUrlHandlerMapping : Rejected bean name 'org.springframework.boot.autoconfigure.h2.H2ConsoleAutoConfiguration': no URL paths identified
2018-09-18 09:19:03,451 DEBUG [restartedMain] org.springframework.web.servlet.handler.BeanNameUrlHandlerMapping : Rejected bean name 'h2Console': no URL paths identified
2018-09-18 09:19:03,451 DEBUG [restartedMain] org.springframework.web.servlet.handler.BeanNameUrlHandlerMapping : Rejected bean name 'spring.h2.console-org.springframework.boot.autoconfigure.h2.H2ConsoleProperties': no URL paths identified
2018-09-18 09:19:03,451 DEBUG [restartedMain] org.springframework.web.servlet.handler.BeanNameUrlHandlerMapping : Rejected bean name 'org.springframework.boot.autoconfigure.http.codec.CodecsAutoConfiguration$JacksonCodecConfiguration': no URL paths identified
2018-09-18 09:19:03,451 DEBUG [restartedMain] org.springframework.web.servlet.handler.BeanNameUrlHandlerMapping : Rejected bean name 'jacksonCodecCustomizer': no URL paths identified
2018-09-18 09:19:03,451 DEBUG [restartedMain] org.springframework.web.servlet.handler.BeanNameUrlHandlerMapping : Rejected bean name 'org.springframework.boot.autoconfigure.http.codec.CodecsAutoConfiguration': no URL paths identified
2018-09-18 09:19:03,451 DEBUG [restartedMain] org.springframework.web.servlet.handler.BeanNameUrlHandlerMapping : Rejected bean name 'org.springframework.boot.autoconfigure.info.ProjectInfoAutoConfiguration': no URL paths identified
2018-09-18 09:19:03,451 DEBUG [restartedMain] org.springframework.web.servlet.handler.BeanNameUrlHandlerMapping : Rejected bean name 'spring.info-org.springframework.boot.autoconfigure.info.ProjectInfoProperties': no URL paths identified
2018-09-18 09:19:03,451 DEBUG [restartedMain] org.springframework.web.servlet.handler.BeanNameUrlHandlerMapping : Rejected bean name 'org.springframework.boot.autoconfigure.jdbc.JdbcTemplateAutoConfiguration$JdbcTemplateConfiguration': no URL paths identified
2018-09-18 09:19:03,451 DEBUG [restartedMain] org.springframework.web.servlet.handler.BeanNameUrlHandlerMapping : Rejected bean name 'jdbcTemplate': no URL paths identified
2018-09-18 09:19:03,451 DEBUG [restartedMain] org.springframework.web.servlet.handler.BeanNameUrlHandlerMapping : Rejected bean name 'org.springframework.boot.autoconfigure.jdbc.JdbcTemplateAutoConfiguration$NamedParameterJdbcTemplateConfiguration': no URL paths identified
2018-09-18 09:19:03,451 DEBUG [restartedMain] org.springframework.web.servlet.handler.BeanNameUrlHandlerMapping : Rejected bean name 'namedParameterJdbcTemplate': no URL paths identified
2018-09-18 09:19:03,452 DEBUG [restartedMain] org.springframework.web.servlet.handler.BeanNameUrlHandlerMapping : Rejected bean name 'org.springframework.boot.autoconfigure.jdbc.JdbcTemplateAutoConfiguration': no URL paths identified
2018-09-18 09:19:03,452 DEBUG [restartedMain] org.springframework.web.servlet.handler.BeanNameUrlHandlerMapping : Rejected bean name 'spring.jdbc-org.springframework.boot.autoconfigure.jdbc.JdbcProperties': no URL paths identified
2018-09-18 09:19:03,452 DEBUG [restartedMain] org.springframework.web.servlet.handler.BeanNameUrlHandlerMapping : Rejected bean name 'org.springframework.boot.autoconfigure.jdbc.DataSourceTransactionManagerAutoConfiguration$DataSourceTransactionManagerConfiguration': no URL paths identified
2018-09-18 09:19:03,452 DEBUG [restartedMain] org.springframework.web.servlet.handler.BeanNameUrlHandlerMapping : Rejected bean name 'org.springframework.boot.autoconfigure.jdbc.DataSourceTransactionManagerAutoConfiguration': no URL paths identified
2018-09-18 09:19:03,452 DEBUG [restartedMain] org.springframework.web.servlet.handler.BeanNameUrlHandlerMapping : Rejected bean name 'org.springframework.transaction.annotation.ProxyTransactionManagementConfiguration': no URL paths identified
2018-09-18 09:19:03,452 DEBUG [restartedMain] org.springframework.web.servlet.handler.BeanNameUrlHandlerMapping : Rejected bean name 'org.springframework.transaction.config.internalTransactionAdvisor': no URL paths identified
2018-09-18 09:19:03,453 DEBUG [restartedMain] org.springframework.web.servlet.handler.BeanNameUrlHandlerMapping : Rejected bean name 'transactionAttributeSource': no URL paths identified
2018-09-18 09:19:03,453 DEBUG [restartedMain] org.springframework.web.servlet.handler.BeanNameUrlHandlerMapping : Rejected bean name 'transactionInterceptor': no URL paths identified
2018-09-18 09:19:03,453 DEBUG [restartedMain] org.springframework.web.servlet.handler.BeanNameUrlHandlerMapping : Rejected bean name 'org.springframework.transaction.config.internalTransactionalEventListenerFactory': no URL paths identified
2018-09-18 09:19:03,453 DEBUG [restartedMain] org.springframework.web.servlet.handler.BeanNameUrlHandlerMapping : Rejected bean name 'org.springframework.boot.autoconfigure.transaction.TransactionAutoConfiguration$EnableTransactionManagementConfiguration$CglibAutoProxyConfiguration': no URL paths identified
2018-09-18 09:19:03,453 DEBUG [restartedMain] org.springframework.web.servlet.handler.BeanNameUrlHandlerMapping : Rejected bean name 'org.springframework.boot.autoconfigure.transaction.TransactionAutoConfiguration$EnableTransactionManagementConfiguration': no URL paths identified
2018-09-18 09:19:03,453 DEBUG [restartedMain] org.springframework.web.servlet.handler.BeanNameUrlHandlerMapping : Rejected bean name 'org.springframework.boot.autoconfigure.transaction.TransactionAutoConfiguration$TransactionTemplateConfiguration': no URL paths identified
2018-09-18 09:19:03,453 DEBUG [restartedMain] org.springframework.web.servlet.handler.BeanNameUrlHandlerMapping : Rejected bean name 'transactionTemplate': no URL paths identified
2018-09-18 09:19:03,453 DEBUG [restartedMain] org.springframework.web.servlet.handler.BeanNameUrlHandlerMapping : Rejected bean name 'org.springframework.boot.autoconfigure.transaction.TransactionAutoConfiguration': no URL paths identified
2018-09-18 09:19:03,453 DEBUG [restartedMain] org.springframework.web.servlet.handler.BeanNameUrlHandlerMapping : Rejected bean name 'platformTransactionManagerCustomizers': no URL paths identified
2018-09-18 09:19:03,453 DEBUG [restartedMain] org.springframework.web.servlet.handler.BeanNameUrlHandlerMapping : Rejected bean name 'spring.transaction-org.springframework.boot.autoconfigure.transaction.TransactionProperties': no URL paths identified
2018-09-18 09:19:03,453 DEBUG [restartedMain] org.springframework.web.servlet.handler.BeanNameUrlHandlerMapping : Rejected bean name 'org.springframework.boot.autoconfigure.web.client.RestTemplateAutoConfiguration': no URL paths identified
2018-09-18 09:19:03,454 DEBUG [restartedMain] org.springframework.web.servlet.handler.BeanNameUrlHandlerMapping : Rejected bean name 'restTemplateBuilder': no URL paths identified
2018-09-18 09:19:03,455 DEBUG [restartedMain] org.springframework.web.servlet.handler.BeanNameUrlHandlerMapping : Rejected bean name 'org.springframework.boot.autoconfigure.web.embedded.EmbeddedWebServerFactoryCustomizerAutoConfiguration$TomcatWebServerFactoryCustomizerConfiguration': no URL paths identified
2018-09-18 09:19:03,455 DEBUG [restartedMain] org.springframework.web.servlet.handler.BeanNameUrlHandlerMapping : Rejected bean name 'tomcatWebServerFactoryCustomizer': no URL paths identified
2018-09-18 09:19:03,456 DEBUG [restartedMain] org.springframework.web.servlet.handler.BeanNameUrlHandlerMapping : Rejected bean name 'org.springframework.boot.autoconfigure.web.embedded.EmbeddedWebServerFactoryCustomizerAutoConfiguration': no URL paths identified
2018-09-18 09:19:03,456 DEBUG [restartedMain] org.springframework.web.servlet.handler.BeanNameUrlHandlerMapping : Rejected bean name 'org.springframework.boot.autoconfigure.web.servlet.HttpEncodingAutoConfiguration': no URL paths identified
2018-09-18 09:19:03,456 DEBUG [restartedMain] org.springframework.web.servlet.handler.BeanNameUrlHandlerMapping : Rejected bean name 'characterEncodingFilter': no URL paths identified
2018-09-18 09:19:03,456 DEBUG [restartedMain] org.springframework.web.servlet.handler.BeanNameUrlHandlerMapping : Rejected bean name 'localeCharsetMappingsCustomizer': no URL paths identified
2018-09-18 09:19:03,456 DEBUG [restartedMain] org.springframework.web.servlet.handler.BeanNameUrlHandlerMapping : Rejected bean name 'org.springframework.boot.autoconfigure.web.servlet.MultipartAutoConfiguration': no URL paths identified
2018-09-18 09:19:03,456 DEBUG [restartedMain] org.springframework.web.servlet.handler.BeanNameUrlHandlerMapping : Rejected bean name 'multipartConfigElement': no URL paths identified
2018-09-18 09:19:03,456 DEBUG [restartedMain] org.springframework.web.servlet.handler.BeanNameUrlHandlerMapping : Rejected bean name 'multipartResolver': no URL paths identified
2018-09-18 09:19:03,456 DEBUG [restartedMain] org.springframework.web.servlet.handler.BeanNameUrlHandlerMapping : Rejected bean name 'spring.servlet.multipart-org.springframework.boot.autoconfigure.web.servlet.MultipartProperties': no URL paths identified
2018-09-18 09:19:03,456 DEBUG [restartedMain] org.springframework.web.servlet.handler.BeanNameUrlHandlerMapping : Rejected bean name 'org.springframework.boot.devtools.autoconfigure.DevToolsDataSourceAutoConfiguration$DatabaseShutdownExecutorJpaDependencyConfiguration': no URL paths identified
2018-09-18 09:19:03,456 DEBUG [restartedMain] org.springframework.web.servlet.handler.BeanNameUrlHandlerMapping : Rejected bean name 'org.springframework.boot.devtools.autoconfigure.DevToolsDataSourceAutoConfiguration': no URL paths identified
2018-09-18 09:19:03,456 DEBUG [restartedMain] org.springframework.web.servlet.handler.BeanNameUrlHandlerMapping : Rejected bean name 'inMemoryDatabaseShutdownExecutor': no URL paths identified
2018-09-18 09:19:03,456 DEBUG [restartedMain] org.springframework.web.servlet.handler.BeanNameUrlHandlerMapping : Rejected bean name 'org.springframework.boot.devtools.autoconfigure.LocalDevToolsAutoConfiguration$RestartConfiguration': no URL paths identified
2018-09-18 09:19:03,457 DEBUG [restartedMain] org.springframework.web.servlet.handler.BeanNameUrlHandlerMapping : Rejected bean name 'classPathFileSystemWatcher': no URL paths identified
2018-09-18 09:19:03,457 DEBUG [restartedMain] org.springframework.web.servlet.handler.BeanNameUrlHandlerMapping : Rejected bean name 'classPathRestartStrategy': no URL paths identified
2018-09-18 09:19:03,457 DEBUG [restartedMain] org.springframework.web.servlet.handler.BeanNameUrlHandlerMapping : Rejected bean name 'hateoasObjenesisCacheDisabler': no URL paths identified
2018-09-18 09:19:03,458 DEBUG [restartedMain] org.springframework.web.servlet.handler.BeanNameUrlHandlerMapping : Rejected bean name 'fileSystemWatcherFactory': no URL paths identified
2018-09-18 09:19:03,458 DEBUG [restartedMain] org.springframework.web.servlet.handler.BeanNameUrlHandlerMapping : Rejected bean name 'conditionEvaluationDeltaLoggingListener': no URL paths identified
2018-09-18 09:19:03,458 DEBUG [restartedMain] org.springframework.web.servlet.handler.BeanNameUrlHandlerMapping : Rejected bean name 'org.springframework.boot.devtools.autoconfigure.LocalDevToolsAutoConfiguration$LiveReloadConfiguration': no URL paths identified
2018-09-18 09:19:03,458 DEBUG [restartedMain] org.springframework.web.servlet.handler.BeanNameUrlHandlerMapping : Rejected bean name 'liveReloadServer': no URL paths identified
2018-09-18 09:19:03,458 DEBUG [restartedMain] org.springframework.web.servlet.handler.BeanNameUrlHandlerMapping : Rejected bean name 'optionalLiveReloadServer': no URL paths identified
2018-09-18 09:19:03,458 DEBUG [restartedMain] org.springframework.web.servlet.handler.BeanNameUrlHandlerMapping : Rejected bean name 'liveReloadServerEventListener': no URL paths identified
2018-09-18 09:19:03,458 DEBUG [restartedMain] org.springframework.web.servlet.handler.BeanNameUrlHandlerMapping : Rejected bean name 'org.springframework.boot.devtools.autoconfigure.LocalDevToolsAutoConfiguration': no URL paths identified
2018-09-18 09:19:03,458 DEBUG [restartedMain] org.springframework.web.servlet.handler.BeanNameUrlHandlerMapping : Rejected bean name 'spring.devtools-org.springframework.boot.devtools.autoconfigure.DevToolsProperties': no URL paths identified
2018-09-18 09:19:03,458 DEBUG [restartedMain] org.springframework.web.servlet.handler.BeanNameUrlHandlerMapping : Rejected bean name 'org.springframework.orm.jpa.SharedEntityManagerCreator#0': no URL paths identified
2018-09-18 09:19:03,458 DEBUG [restartedMain] org.springframework.web.servlet.handler.BeanNameUrlHandlerMapping : Rejected bean name 'autoConfigurationReport': no URL paths identified
2018-09-18 09:19:03,458 DEBUG [restartedMain] org.springframework.web.servlet.handler.BeanNameUrlHandlerMapping : Rejected bean name 'org.springframework.boot.context.ContextIdApplicationContextInitializer$ContextId': no URL paths identified
2018-09-18 09:19:03,458 DEBUG [restartedMain] org.springframework.web.servlet.handler.BeanNameUrlHandlerMapping : Rejected bean name 'springApplicationArguments': no URL paths identified
2018-09-18 09:19:03,458 DEBUG [restartedMain] org.springframework.web.servlet.handler.BeanNameUrlHandlerMapping : Rejected bean name 'springBootBanner': no URL paths identified
2018-09-18 09:19:03,458 DEBUG [restartedMain] org.springframework.web.servlet.handler.BeanNameUrlHandlerMapping : Rejected bean name 'springBootLoggingSystem': no URL paths identified
2018-09-18 09:19:03,458 DEBUG [restartedMain] org.springframework.web.servlet.handler.BeanNameUrlHandlerMapping : Rejected bean name 'environment': no URL paths identified
2018-09-18 09:19:03,458 DEBUG [restartedMain] org.springframework.web.servlet.handler.BeanNameUrlHandlerMapping : Rejected bean name 'systemProperties': no URL paths identified
2018-09-18 09:19:03,458 DEBUG [restartedMain] org.springframework.web.servlet.handler.BeanNameUrlHandlerMapping : Rejected bean name 'systemEnvironment': no URL paths identified
2018-09-18 09:19:03,458 DEBUG [restartedMain] org.springframework.web.servlet.handler.BeanNameUrlHandlerMapping : Rejected bean name 'org.springframework.context.annotation.ConfigurationClassPostProcessor.importRegistry': no URL paths identified
2018-09-18 09:19:03,458 DEBUG [restartedMain] org.springframework.web.servlet.handler.BeanNameUrlHandlerMapping : Rejected bean name 'messageSource': no URL paths identified
2018-09-18 09:19:03,458 DEBUG [restartedMain] org.springframework.web.servlet.handler.BeanNameUrlHandlerMapping : Rejected bean name 'applicationEventMulticaster': no URL paths identified
2018-09-18 09:19:03,458 DEBUG [restartedMain] org.springframework.web.servlet.handler.BeanNameUrlHandlerMapping : Rejected bean name 'servletContext': no URL paths identified
2018-09-18 09:19:03,459 DEBUG [restartedMain] org.springframework.web.servlet.handler.BeanNameUrlHandlerMapping : Rejected bean name 'contextParameters': no URL paths identified
2018-09-18 09:19:03,460 DEBUG [restartedMain] org.springframework.web.servlet.handler.BeanNameUrlHandlerMapping : Rejected bean name 'contextAttributes': no URL paths identified
2018-09-18 09:19:03,467 INFO  [restartedMain] org.springframework.web.servlet.handler.SimpleUrlHandlerMapping : Mapped URL path [/webjars/**] onto handler of type [class org.springframework.web.servlet.resource.ResourceHttpRequestHandler]
2018-09-18 09:19:03,468 INFO  [restartedMain] org.springframework.web.servlet.handler.SimpleUrlHandlerMapping : Mapped URL path [/**] onto handler of type [class org.springframework.web.servlet.resource.ResourceHttpRequestHandler]
2018-09-18 09:19:03,482 DEBUG [restartedMain] org.springframework.web.servlet.mvc.method.annotation.ExceptionHandlerExceptionResolver : Looking for exception mappings: org.springframework.boot.web.servlet.context.AnnotationConfigServletWebServerApplicationContext@2281ce20: startup date [Tue Sep 18 09:18:56 KST 2018]; root of context hierarchy
2018-09-18 09:19:03,921 INFO  [restartedMain] org.springframework.boot.devtools.autoconfigure.OptionalLiveReloadServer : LiveReload server is running on port 35729
2018-09-18 09:19:03,957 INFO  [restartedMain] org.springframework.jmx.export.annotation.AnnotationMBeanExporter : Registering beans for JMX exposure on startup
2018-09-18 09:19:03,958 INFO  [restartedMain] org.springframework.jmx.export.annotation.AnnotationMBeanExporter : Bean with name 'dataSource' has been autodetected for JMX exposure
2018-09-18 09:19:03,963 INFO  [restartedMain] org.springframework.jmx.export.annotation.AnnotationMBeanExporter : Located MBean 'dataSource': registering with JMX server as MBean [com.zaxxer.hikari:name=dataSource,type=HikariDataSource]
2018-09-18 09:19:03,971 DEBUG [restartedMain] org.springframework.web.servlet.resource.ResourceUrlProvider : Looking for resource handler mappings
2018-09-18 09:19:03,972 DEBUG [restartedMain] org.springframework.web.servlet.resource.ResourceUrlProvider : Found resource handler mapping: URL pattern="/**/favicon.ico", locations=[class path resource [META-INF/resources/], class path resource [resources/], class path resource [static/], class path resource [public/], ServletContext resource [/], class path resource []], resolvers=[org.springframework.web.servlet.resource.PathResourceResolver@63e4c0]
2018-09-18 09:19:03,972 DEBUG [restartedMain] org.springframework.web.servlet.resource.ResourceUrlProvider : Found resource handler mapping: URL pattern="/webjars/**", locations=[class path resource [META-INF/resources/webjars/]], resolvers=[org.springframework.web.servlet.resource.PathResourceResolver@5ed386bd]
2018-09-18 09:19:03,972 DEBUG [restartedMain] org.springframework.web.servlet.resource.ResourceUrlProvider : Found resource handler mapping: URL pattern="/**", locations=[class path resource [META-INF/resources/], class path resource [resources/], class path resource [static/], class path resource [public/], ServletContext resource [/]], resolvers=[org.springframework.web.servlet.resource.PathResourceResolver@4ac708c0]
2018-09-18 09:19:04,004 INFO  [restartedMain] org.springframework.boot.web.embedded.tomcat.TomcatWebServer : Tomcat started on port(s): 8080 (http) with context path ''
2018-09-18 09:19:04,005 DEBUG [restartedMain] org.springframework.web.context.support.StandardServletEnvironment : Adding PropertySource 'server.ports' with highest search precedence
2018-09-18 09:19:04,007 INFO  [restartedMain] com.prob.pilot18091701.Pilot18091701Application : Started Pilot18091701Application in 8.971 seconds (JVM running for 11.652)
